 WARN [2017-02-17 12:35:36,167] (ConnectionFactory.java:clearCache:217) - No cached connections
 WARN [2017-02-17 12:35:36,187] (DescribeObjectRegistry.java:clearCache:661) - No cached describes
 WARN [2017-02-17 12:35:36,191] (MetadataFactory.java:clearCache:126) - No cached metadata stubs
 WARN [2017-02-17 12:41:23,222] (ComponentFactory.java:getComponentBean:1154) - Unable to get component for id 'AuraDefinitionBundle': Unable to get bean for id 'AuraDefinitionBundle'
 WARN [2017-02-17 12:41:23,234] (ComponentFactory.java:getComponentBean:1154) - Unable to get component for id 'ExternalDataSource': Unable to get bean for id 'ExternalDataSource'
 WARN [2017-02-17 12:41:23,243] (ComponentFactory.java:getComponentBean:1154) - Unable to get component for id 'NamedCredential': Unable to get bean for id 'NamedCredential'
 WARN [2017-02-17 12:41:23,279] (ComponentFactory.java:getComponentBean:1154) - Unable to get component for id 'MatchingRules': Unable to get bean for id 'MatchingRules'
 WARN [2017-02-17 12:41:23,282] (ComponentFactory.java:getComponentBean:1154) - Unable to get component for id 'ChannelLayout': Unable to get bean for id 'ChannelLayout'
 WARN [2017-02-17 12:41:23,285] (ComponentFactory.java:getComponentBean:1154) - Unable to get component for id 'SharingRules': Unable to get bean for id 'SharingRules'
 WARN [2017-02-17 12:41:23,290] (ComponentFactory.java:getComponentBean:1154) - Unable to get component for id 'ManagedTopics': Unable to get bean for id 'ManagedTopics'
 WARN [2017-02-17 12:41:23,293] (ComponentFactory.java:getComponentBean:1154) - Unable to get component for id 'CorsWhitelistOrigin': Unable to get bean for id 'CorsWhitelistOrigin'
 WARN [2017-02-17 12:41:23,296] (ComponentFactory.java:getComponentBean:1154) - Unable to get component for id 'ActionLinkGroupTemplate': Unable to get bean for id 'ActionLinkGroupTemplate'
 WARN [2017-02-17 12:41:23,299] (ComponentFactory.java:getComponentBean:1154) - Unable to get component for id 'SynonymDictionary': Unable to get bean for id 'SynonymDictionary'
 WARN [2017-02-17 12:41:24,608] (ComponentFactory.java:getComponentBean:1154) - Unable to get component for id 'AuraDefinitionBundle': Unable to get bean for id 'AuraDefinitionBundle'
 WARN [2017-02-17 12:41:24,612] (ComponentFactory.java:getComponentBean:1154) - Unable to get component for id 'ExternalDataSource': Unable to get bean for id 'ExternalDataSource'
 WARN [2017-02-17 12:41:24,615] (ComponentFactory.java:getComponentBean:1154) - Unable to get component for id 'NamedCredential': Unable to get bean for id 'NamedCredential'
 WARN [2017-02-17 12:41:24,630] (ComponentFactory.java:getComponentBean:1154) - Unable to get component for id 'MatchingRules': Unable to get bean for id 'MatchingRules'
 WARN [2017-02-17 12:41:24,633] (ComponentFactory.java:getComponentBean:1154) - Unable to get component for id 'ChannelLayout': Unable to get bean for id 'ChannelLayout'
 WARN [2017-02-17 12:41:24,637] (ComponentFactory.java:getComponentBean:1154) - Unable to get component for id 'SharingRules': Unable to get bean for id 'SharingRules'
 WARN [2017-02-17 12:41:24,643] (ComponentFactory.java:getComponentBean:1154) - Unable to get component for id 'ManagedTopics': Unable to get bean for id 'ManagedTopics'
 WARN [2017-02-17 12:41:24,647] (ComponentFactory.java:getComponentBean:1154) - Unable to get component for id 'CorsWhitelistOrigin': Unable to get bean for id 'CorsWhitelistOrigin'
 WARN [2017-02-17 12:41:24,650] (ComponentFactory.java:getComponentBean:1154) - Unable to get component for id 'ActionLinkGroupTemplate': Unable to get bean for id 'ActionLinkGroupTemplate'
 WARN [2017-02-17 12:41:24,655] (ComponentFactory.java:getComponentBean:1154) - Unable to get component for id 'SynonymDictionary': Unable to get bean for id 'SynonymDictionary'
 WARN [2017-02-17 12:43:23,187] (ProjectController.java:handleRetrieveResults:772) - Failed to retrieve: 'Salesforce for Social Media/package.xml': Can't retrieve non-customizable CustomObject named: Twitter_Credentials__c
 WARN [2017-02-17 12:43:23,189] (ProjectController.java:handleRetrieveResults:772) - Failed to retrieve: 'Salesforce for Social Media/package.xml': Can't retrieve non-customizable CustomObject named: Twitter_Configuration__c
 WARN [2017-02-17 12:43:23,193] (ProjectController.java:handleRetrieveResults:772) - Failed to retrieve: 'Salesforce for Social Media/package.xml': Can't retrieve non-customizable CustomObject named: Fcbk_Credentials__c
 WARN [2017-02-17 12:43:23,194] (ProjectController.java:handleRetrieveResults:772) - Failed to retrieve: 'Salesforce for Social Media/package.xml': Can't retrieve non-customizable CustomObject named: External_Systems_Credentials__c
 WARN [2017-02-17 12:43:23,197] (ProjectController.java:handleRetrieveResults:772) - Failed to retrieve: 'Salesforce for Social Media/package.xml': Can't retrieve non-customizable CustomObject named: Twitter_Credentials__c
 WARN [2017-02-17 12:43:23,198] (ProjectController.java:handleRetrieveResults:772) - Failed to retrieve: 'Salesforce for Social Media/package.xml': Can't retrieve non-customizable CustomObject named: Twitter_Configuration__c
 WARN [2017-02-17 12:43:23,200] (ProjectController.java:handleRetrieveResults:772) - Failed to retrieve: 'Salesforce for Social Media/package.xml': Can't retrieve non-customizable CustomObject named: Fcbk_Credentials__c
 WARN [2017-02-17 12:43:23,201] (ProjectController.java:handleRetrieveResults:772) - Failed to retrieve: 'Salesforce for Social Media/package.xml': Can't retrieve non-customizable CustomObject named: External_Systems_Credentials__c
 WARN [2017-02-17 12:43:23,203] (ProjectController.java:handleRetrieveResults:772) - Failed to retrieve: 'Salesforce1 and Chatter Apps/package.xml': Metadata API received improper input. Please ensure file name and capitalization is correct. Load of metadata from db failed for metadata of type:ConnectedApp and file name:Salesforce1_for_Windows.
 WARN [2017-02-17 12:43:23,206] (ProjectController.java:handleRetrieveResults:772) - Failed to retrieve: 'Salesforce1 and Chatter Apps/package.xml': Metadata API received improper input. Please ensure file name and capitalization is correct. Load of metadata from db failed for metadata of type:ConnectedApp and file name:Chatter_for_iOS.
 WARN [2017-02-17 12:43:23,207] (ProjectController.java:handleRetrieveResults:772) - Failed to retrieve: 'Salesforce1 and Chatter Apps/package.xml': Metadata API received improper input. Please ensure file name and capitalization is correct. Load of metadata from db failed for metadata of type:ConnectedApp and file name:Salesforce_Chatterbox.
 WARN [2017-02-17 12:43:23,209] (ProjectController.java:handleRetrieveResults:772) - Failed to retrieve: 'Salesforce1 and Chatter Apps/package.xml': Metadata API received improper input. Please ensure file name and capitalization is correct. Load of metadata from db failed for metadata of type:ConnectedApp and file name:SalesforceA.
 WARN [2017-02-17 12:43:23,210] (ProjectController.java:handleRetrieveResults:772) - Failed to retrieve: 'Salesforce1 and Chatter Apps/package.xml': Metadata API received improper input. Please ensure file name and capitalization is correct. Load of metadata from db failed for metadata of type:ConnectedApp and file name:Chatter_Desktop.
 WARN [2017-02-17 12:43:23,211] (ProjectController.java:handleRetrieveResults:772) - Failed to retrieve: 'Salesforce1 and Chatter Apps/package.xml': Metadata API received improper input. Please ensure file name and capitalization is correct. Load of metadata from db failed for metadata of type:ConnectedApp and file name:Chatter_for_BlackBerry.
 WARN [2017-02-17 12:43:23,212] (ProjectController.java:handleRetrieveResults:772) - Failed to retrieve: 'Salesforce1 and Chatter Apps/package.xml': Metadata API received improper input. Please ensure file name and capitalization is correct. Load of metadata from db failed for metadata of type:ConnectedApp and file name:Chatter_for_Android.
 WARN [2017-02-17 12:43:23,214] (ProjectController.java:handleRetrieveResults:772) - Failed to retrieve: 'SalesforceIQ Inbox/package.xml': Metadata API received improper input. Please ensure file name and capitalization is correct. Load of metadata from db failed for metadata of type:ConnectedApp and file name:SalesforceIQ.
 WARN [2017-02-17 12:43:23,215] (ProjectController.java:handleRetrieveResults:772) - Failed to retrieve: 'Skuid/package.xml': Can't retrieve non-customizable CustomObject named: Encryption_Settings__c
 WARN [2017-02-17 12:43:23,217] (ProjectController.java:handleRetrieveResults:772) - Failed to retrieve: 'Skuid/package.xml': Can't retrieve non-customizable CustomObject named: Model_Service__c
 WARN [2017-02-17 12:43:23,218] (ProjectController.java:handleRetrieveResults:772) - Failed to retrieve: 'Skuid/package.xml': Can't retrieve non-customizable CustomObject named: Model_Service_Credential__c
 WARN [2017-02-17 12:43:23,219] (ProjectController.java:handleRetrieveResults:772) - Failed to retrieve: 'Skuid/package.xml': Can't retrieve non-customizable CustomObject named: Auth_Provider__c
 WARN [2017-02-17 12:43:23,222] (ProjectController.java:handleRetrieveResults:772) - Failed to retrieve: 'Skuid/package.xml': Can't retrieve non-customizable CustomObject named: Encryption_Settings__c
 WARN [2017-02-17 12:43:23,224] (ProjectController.java:handleRetrieveResults:772) - Failed to retrieve: 'Skuid/package.xml': Can't retrieve non-customizable CustomObject named: Auth_Provider__c
 WARN [2017-02-17 12:43:23,227] (ProjectController.java:handleRetrieveResults:772) - Failed to retrieve: 'Skuid/package.xml': Can't retrieve non-customizable CustomObject named: Model_Service__c
 WARN [2017-02-17 12:43:23,230] (ProjectController.java:handleRetrieveResults:772) - Failed to retrieve: 'Skuid/package.xml': Can't retrieve non-customizable CustomObject named: Model_Service_Credential__c
 WARN [2017-02-17 12:43:23,539] (ComponentFactory.java:getComponentByFilePath:622) - No id found for filepath 'modules/C5r_Desktop_oauth/ConnectivityDevConfigs/C5r_Desktop_oauth_devConfig.ConnectivityDevConfig', tagging as component of type 'Unknown'
 WARN [2017-02-17 12:43:23,544] (ComponentFactory.java:getComponentByFilePath:622) - No id found for filepath 'modules/C5r_Desktop_oauth/modules/sf_chttr_apps__C5r_Desktop_oauth', tagging as component of type 'Unknown'
 WARN [2017-02-17 12:43:23,546] (ComponentFactory.java:getComponentByFilePath:622) - No id found for filepath 'applicationManifests/Chatter_Desktop', tagging as component of type 'Unknown'
 WARN [2017-02-17 12:43:23,550] (ComponentFactory.java:getComponentByFilePath:622) - No id found for filepath 'modules/C5r_for_Android_oauth_android/AndroidPushApplicationSetup/C5r_for_Android_oauth_androidAndroidPushApplicationSetup.AndroidPushApplicationSetup', tagging as component of type 'Unknown'
 WARN [2017-02-17 12:43:23,553] (ComponentFactory.java:getComponentByFilePath:622) - No id found for filepath 'modules/C5r_for_Android_oauth_android/modules/sf_chttr_apps__C5r_for_Android_oauth_android', tagging as component of type 'Unknown'
 WARN [2017-02-17 12:43:23,556] (ComponentFactory.java:getComponentByFilePath:622) - No id found for filepath 'modules/C5r_for_Android_oauth/ConnectivityDevConfigs/C5r_for_Android_oauth_devConfig.ConnectivityDevConfig', tagging as component of type 'Unknown'
 WARN [2017-02-17 12:43:23,559] (ComponentFactory.java:getComponentByFilePath:622) - No id found for filepath 'modules/C5r_for_Android_oauth/modules/sf_chttr_apps__C5r_for_Android_oauth', tagging as component of type 'Unknown'
 WARN [2017-02-17 12:43:23,564] (ComponentFactory.java:getComponentByFilePath:622) - No id found for filepath 'applicationManifests/Chatter_for_Android', tagging as component of type 'Unknown'
 WARN [2017-02-17 12:43:23,566] (ComponentFactory.java:getComponentByFilePath:622) - No id found for filepath 'modules/C5r_for_BlackBerry_oauth/ConnectivityDevConfigs/C5r_for_BlackBerry_oauth_devConfig.ConnectivityDevConfig', tagging as component of type 'Unknown'
 WARN [2017-02-17 12:43:23,568] (ComponentFactory.java:getComponentByFilePath:622) - No id found for filepath 'modules/C5r_for_BlackBerry_oauth/modules/sf_chttr_apps__C5r_for_BlackBerry_oauth', tagging as component of type 'Unknown'
 WARN [2017-02-17 12:43:23,571] (ComponentFactory.java:getComponentByFilePath:622) - No id found for filepath 'applicationManifests/Chatter_for_BlackBerry', tagging as component of type 'Unknown'
 WARN [2017-02-17 12:43:23,573] (ComponentFactory.java:getComponentByFilePath:622) - No id found for filepath 'modules/C5r_for_iOS_oauth_apple/ApplePushApplicationSetup/C5r_for_iOS_oauth_appleApplePushApplicationSetup.ApplePushApplicationSetup', tagging as component of type 'Unknown'
 WARN [2017-02-17 12:43:23,575] (ComponentFactory.java:getComponentByFilePath:622) - No id found for filepath 'modules/C5r_for_iOS_oauth_apple/modules/sf_chttr_apps__C5r_for_iOS_oauth_apple', tagging as component of type 'Unknown'
 WARN [2017-02-17 12:43:23,578] (ComponentFactory.java:getComponentByFilePath:622) - No id found for filepath 'modules/C5r_for_iOS_oauth/ConnectivityDevConfigs/C5r_for_iOS_oauth_devConfig.ConnectivityDevConfig', tagging as component of type 'Unknown'
 WARN [2017-02-17 12:43:23,581] (ComponentFactory.java:getComponentByFilePath:622) - No id found for filepath 'modules/C5r_for_iOS_oauth/modules/sf_chttr_apps__C5r_for_iOS_oauth', tagging as component of type 'Unknown'
 WARN [2017-02-17 12:43:23,583] (ComponentFactory.java:getComponentByFilePath:622) - No id found for filepath 'applicationManifests/Chatter_for_iOS', tagging as component of type 'Unknown'
 WARN [2017-02-17 12:43:23,586] (ComponentFactory.java:getComponentByFilePath:622) - No id found for filepath 'modules/S91_for_Windows_oauth/ConnectivityDevConfigs/S91_for_Windows_oauth_devConfig.ConnectivityDevConfig', tagging as component of type 'Unknown'
 WARN [2017-02-17 12:43:23,589] (ComponentFactory.java:getComponentByFilePath:622) - No id found for filepath 'modules/S91_for_Windows_oauth/modules/sf_chttr_apps__S91_for_Windows_oauth', tagging as component of type 'Unknown'
 WARN [2017-02-17 12:43:23,592] (ComponentFactory.java:getComponentByFilePath:622) - No id found for filepath 'applicationManifests/Salesforce1_for_Windows', tagging as component of type 'Unknown'
 WARN [2017-02-17 12:43:23,595] (ComponentFactory.java:getComponentByFilePath:622) - No id found for filepath 'modules/S9A_oauth/ConnectivityDevConfigs/S9A_oauth_devConfig.ConnectivityDevConfig', tagging as component of type 'Unknown'
 WARN [2017-02-17 12:43:23,598] (ComponentFactory.java:getComponentByFilePath:622) - No id found for filepath 'modules/S9A_oauth/modules/sf_chttr_apps__S9A_oauth', tagging as component of type 'Unknown'
 WARN [2017-02-17 12:43:23,601] (ComponentFactory.java:getComponentByFilePath:622) - No id found for filepath 'applicationManifests/SalesforceA', tagging as component of type 'Unknown'
 WARN [2017-02-17 12:43:23,604] (ComponentFactory.java:getComponentByFilePath:622) - No id found for filepath 'modules/S8e_C8x_oauth/ConnectivityDevConfigs/S8e_C8x_oauth_devConfig.ConnectivityDevConfig', tagging as component of type 'Unknown'
 WARN [2017-02-17 12:43:23,606] (ComponentFactory.java:getComponentByFilePath:622) - No id found for filepath 'modules/S8e_C8x_oauth/modules/sf_chttr_apps__S8e_C8x_oauth', tagging as component of type 'Unknown'
 WARN [2017-02-17 12:43:23,608] (ComponentFactory.java:getComponentByFilePath:622) - No id found for filepath 'applicationManifests/Salesforce_Chatterbox', tagging as component of type 'Unknown'
ERROR [2017-02-17 12:43:23,610] (ProjectPackageList.java:generateComponents:482) - Filepath-zip mapping is null or empty for package 'Salesforce1 and Chatter Apps' [0A328000000MrZGCA0] - skipping component generation
 WARN [2017-02-17 12:43:24,077] (ComponentFactory.java:getComponentByFilePath:622) - No id found for filepath 'modules/C5r_for_iOS_oauth_notif/modules/sf_chttr_apps__C5r_for_iOS_oauth_notif', tagging as component of type 'Unknown'
 WARN [2017-02-17 12:43:24,079] (ComponentFactory.java:getComponentByFilePath:622) - No id found for filepath 'modules/C5r_for_Android_oauth_notif/modules/sf_chttr_apps__C5r_for_Android_oauth_notif', tagging as component of type 'Unknown'
 WARN [2017-02-17 12:43:24,083] (ComponentFactory.java:getComponentByFilePath:622) - No id found for filepath 'modules/S10Q_oauth/ConnectivityDevConfigs/S10Q_oauth_devConfig.ConnectivityDevConfig', tagging as component of type 'Unknown'
 WARN [2017-02-17 12:43:24,085] (ComponentFactory.java:getComponentByFilePath:622) - No id found for filepath 'modules/S10Q_oauth/modules/relateiq__S10Q_oauth', tagging as component of type 'Unknown'
 WARN [2017-02-17 12:43:24,086] (ComponentFactory.java:getComponentByFilePath:622) - No id found for filepath 'applicationManifests/SalesforceIQ', tagging as component of type 'Unknown'
 WARN [2017-02-17 12:43:24,091] (ComponentFactory.java:getComponentByFilePath:622) - No id found for filepath 'aura/Ui/Ui.app-meta.xml', tagging as component of type 'Unknown'
 WARN [2017-02-17 12:43:24,094] (ComponentFactory.java:getComponentByFilePath:622) - No id found for filepath 'aura/mobilepagebuilder/mobilepagebuilder.app-meta.xml', tagging as component of type 'Unknown'
 WARN [2017-02-17 12:43:24,096] (ComponentFactory.java:getComponentByFilePath:622) - No id found for filepath 'aura/page/page.cmp', tagging as component of type 'Unknown'
 WARN [2017-02-17 12:43:24,098] (ComponentFactory.java:getComponentByFilePath:622) - No id found for filepath 'aura/page/page.cmp-meta.xml', tagging as component of type 'Unknown'
 WARN [2017-02-17 12:43:24,100] (ComponentFactory.java:getComponentByFilePath:622) - No id found for filepath 'aura/page/page.css', tagging as component of type 'Unknown'
 WARN [2017-02-17 12:43:24,102] (ComponentFactory.java:getComponentByFilePath:622) - No id found for filepath 'aura/page/page.design', tagging as component of type 'Unknown'
 WARN [2017-02-17 12:43:24,104] (ComponentFactory.java:getComponentByFilePath:622) - No id found for filepath 'aura/page/page.svg', tagging as component of type 'Unknown'
 WARN [2017-02-17 12:43:24,107] (ComponentFactory.java:getComponentByFilePath:622) - No id found for filepath 'aura/page/pageController.js', tagging as component of type 'Unknown'
 WARN [2017-02-17 12:43:24,108] (ComponentFactory.java:getComponentByFilePath:622) - No id found for filepath 'aura/page/pageHelper.js', tagging as component of type 'Unknown'
 WARN [2017-02-17 12:43:24,110] (ComponentFactory.java:getComponentByFilePath:622) - No id found for filepath 'aura/page/pageRenderer.js', tagging as component of type 'Unknown'
 WARN [2017-02-17 12:43:24,115] (ComponentFactory.java:getComponentByFilePath:622) - No id found for filepath 'aura/pagebuilder/pagebuilder.app-meta.xml', tagging as component of type 'Unknown'
 WARN [2017-02-17 12:43:24,126] (ComponentFactory.java:getComponentByFilePath:622) - No id found for filepath 'aura/scripts/scripts.cmp', tagging as component of type 'Unknown'
 WARN [2017-02-17 12:43:24,128] (ComponentFactory.java:getComponentByFilePath:622) - No id found for filepath 'aura/scripts/scripts.cmp-meta.xml', tagging as component of type 'Unknown'
 WARN [2017-02-17 12:43:24,130] (ComponentFactory.java:getComponentByFilePath:622) - No id found for filepath 'aura/skuidtemplate/skuidtemplate.cmp', tagging as component of type 'Unknown'
 WARN [2017-02-17 12:43:24,131] (ComponentFactory.java:getComponentByFilePath:622) - No id found for filepath 'aura/skuidtemplate/skuidtemplate.cmp-meta.xml', tagging as component of type 'Unknown'
 WARN [2017-02-17 12:43:42,046] (ProjectPackageList.java:saveResources:1159) - Component list in project package 'Salesforce1 and Chatter Apps' is empty.  No resources to save.
 WARN [2017-02-17 14:33:07,582] (ConnectionFactory.java:clearCache:220) - Clearing the following cached connections
 WARN [2017-02-17 14:33:07,599] (DescribeObjectRegistry.java:clearCache:664) - Clearing cached describes
 WARN [2017-02-17 14:33:07,601] (MetadataFactory.java:clearCache:129) - Clearing the following cached metadata stubs
